Using pre-set license
Built from '2020.2/release' branch; Version is '2020.2.2f1 (068178b99f32) revision 426360'; Using compiler version '192528614'; Build Type 'Release'
OS: 'Windows 10 Home; OS build 19042.1110; Version 2009; 64bit' Language: 'en' Physical Memory: 30597 MB
BatchMode: 1, IsHumanControllingUs: 0, StartBugReporterOnCrash: 0, Is64bit: 1, IsPro: 0

 COMMAND LINE ARGUMENTS:
C:\Program Files\Unity\Hub\Editor\2020.2.2f1\Editor\Unity.exe
-adb2
-batchMode
-noUpm
-name
AssetImportWorker0
-projectPath
D:/UnityProject/GitHubFiles/AsteroidsRebuild
-logFile
Logs/AssetImportWorker0.log
-srvPort
49361
Successfully changed project path to: D:/UnityProject/GitHubFiles/AsteroidsRebuild
D:/UnityProject/GitHubFiles/AsteroidsRebuild
Using Asset Import Pipeline V2.
Refreshing native plugins compatible for Editor in 46.99 ms, found 1 plugins.
Preloading 0 native plugins for Editor in 0.00 ms.
Initialize engine version: 2020.2.2f1 (068178b99f32)
[Subsystems] Discovering subsystems at path C:/Program Files/Unity/Hub/Editor/2020.2.2f1/Editor/Data/Resources/UnitySubsystems
[Subsystems] Discovering subsystems at path D:/UnityProject/GitHubFiles/AsteroidsRebuild/Assets
GfxDevice: creating device client; threaded=0
Direct3D:
    Version:  Direct3D 11.0 [level 11.1]
    Renderer: NVIDIA GeForce GTX 1050 (ID=0x1c91)
    Vendor:   
    VRAM:     2996 MB
    Driver:   30.0.14.9729
Initialize mono
Mono path[0] = 'C:/Program Files/Unity/Hub/Editor/2020.2.2f1/Editor/Data/Managed'
Mono path[1] = 'C:/Program Files/Unity/Hub/Editor/2020.2.2f1/Editor/Data/MonoBleedingEdge/lib/mono/unityjit'
Mono config path = 'C:/Program Files/Unity/Hub/Editor/2020.2.2f1/Editor/Data/MonoBleedingEdge/etc'
Using monoOptions --debugger-agent=transport=dt_socket,embedding=1,server=y,suspend=n,address=127.0.0.1:56660
Begin MonoManager ReloadAssembly
Registering precompiled unity dll's ...
Register platform support module: C:/Program Files/Unity/Hub/Editor/2020.2.2f1/Editor/Data/PlaybackEngines/WebGLSupport/UnityEditor.WebGL.Extensions.dll
Register platform support module: C:/Program Files/Unity/Hub/Editor/2020.2.2f1/Editor/Data/PlaybackEngines/MacStandaloneSupport/UnityEditor.OSXStandalone.Extensions.dll
Register platform support module: C:/Program Files/Unity/Hub/Editor/2020.2.2f1/Editor/Data/PlaybackEngines/WindowsStandaloneSupport/UnityEditor.WindowsStandalone.Extensions.dll
Register platform support module: C:/Program Files/Unity/Hub/Editor/2020.2.2f1/Editor/Data/PlaybackEngines/LinuxStandaloneSupport/UnityEditor.LinuxStandalone.Extensions.dll
Register platform support module: C:/Program Files/Unity/Hub/Editor/2020.2.2f1/Editor/Data/PlaybackEngines/LuminSupport/UnityEditor.Lumin.Extensions.dll
Registered in 0.005828 seconds.
Native extension for Lumin target not found
Native extension for LinuxStandalone target not found
Native extension for WindowsStandalone target not found
Native extension for OSXStandalone target not found
Native extension for WebGL target not found
Refreshing native plugins compatible for Editor in 44.46 ms, found 1 plugins.
Preloading 0 native plugins for Editor in 0.00 ms.
Invoked RoslynAnalysisRunner static constructor.
RoslynAnalysisRunner will not be running.
RoslynAnalysisRunner has terminated.
Mono: successfully reloaded assembly
- Completed reload, in  3.789 seconds
Platform modules already initialized, skipping
Registering precompiled user dll's ...
Registered in 0.001600 seconds.
Begin MonoManager ReloadAssembly
Native extension for Lumin target not found
Native extension for LinuxStandalone target not found
Native extension for WindowsStandalone target not found
Native extension for OSXStandalone target not found
Native extension for WebGL target not found
Refreshing native plugins compatible for Editor in 173.96 ms, found 1 plugins.
Preloading 0 native plugins for Editor in 0.00 ms.
Invoked RoslynAnalysisRunner static constructor.
RoslynAnalysisRunner will not be running.
RoslynAnalysisRunner has terminated.
Mono: successfully reloaded assembly
- Completed reload, in  3.825 seconds
Platform modules already initialized, skipping
========================================================================
Worker process is ready to serve import requests
Launched and connected shader compiler UnityShaderCompiler.exe after 0.07 seconds
Refreshing native plugins compatible for Editor in 0.60 ms, found 1 plugins.
Preloading 0 native plugins for Editor in 0.00 ms.
Unloading 1800 Unused Serialized files (Serialized files now loaded: 0)
System memory in use before: 84.7 MB.
System memory in use after: 84.7 MB.

Unloading 24 unused Assets to reduce memory usage. Loaded Objects now: 2244.
Total: 6.778300 ms (FindLiveObjects: 0.520500 ms CreateObjectMapping: 0.320200 ms MarkObjects: 5.675200 ms  DeleteObjects: 0.258400 ms)

========================================================================
Received Import Request.
  path: Assets/Asteroids/Scripts/AsteroidCreation.cs
  artifactKey: Guid(334c0a3990528244588ed7ec00ed5048) Importer(815301076,1909f56bfc062723c751e8b465ee728b)
Start importing Assets/Asteroids/Scripts/AsteroidCreation.cs using Guid(334c0a3990528244588ed7ec00ed5048) Importer(815301076,1909f56bfc062723c751e8b465ee728b)  -> (artifact id: 'e0380d4cc014258d77548182571738ca') in 0.065184 seconds
  Import took 0.070493 seconds .

========================================================================
Received Import Request.
  Time since last request: 0.000270 seconds.
  path: Assets/Asteroids/Scripts/AsteroidController.cs
  artifactKey: Guid(4df3b184da4b4e81b584ca26b861f0ff) Importer(815301076,1909f56bfc062723c751e8b465ee728b)
Start importing Assets/Asteroids/Scripts/AsteroidController.cs using Guid(4df3b184da4b4e81b584ca26b861f0ff) Importer(815301076,1909f56bfc062723c751e8b465ee728b)  -> (artifact id: '3b5986b91b7bdcac07b900342bfe8baa') in 0.014076 seconds
  Import took 0.018182 seconds .

========================================================================
Received Import Request.
  Time since last request: 0.000332 seconds.
  path: Assets/Asteroids/Scripts/AsteroidSpawner.cs
  artifactKey: Guid(ea677bcf1517a154bacbeca24d2dbc37) Importer(815301076,1909f56bfc062723c751e8b465ee728b)
Start importing Assets/Asteroids/Scripts/AsteroidSpawner.cs using Guid(ea677bcf1517a154bacbeca24d2dbc37) Importer(815301076,1909f56bfc062723c751e8b465ee728b)  -> (artifact id: 'fdac7d77eeffcf1477b5c6db555cc1b8') in 0.012271 seconds
  Import took 0.021918 seconds .

========================================================================
Received Import Request.
  Time since last request: 0.000280 seconds.
  path: Assets/Asteroids/Scripts/GameManager.cs
  artifactKey: Guid(38a7334a961fe804a9db288c09cf55e4) Importer(815301076,1909f56bfc062723c751e8b465ee728b)
Start importing Assets/Asteroids/Scripts/GameManager.cs using Guid(38a7334a961fe804a9db288c09cf55e4) Importer(815301076,1909f56bfc062723c751e8b465ee728b)  -> (artifact id: 'a6cd076b186acdbab09e196e50e227ca') in 0.015008 seconds
  Import took 0.023687 seconds .

========================================================================
Received Prepare
Registering precompiled user dll's ...
Registered in 0.001700 seconds.
Begin MonoManager ReloadAssembly
Native extension for Lumin target not found
Native extension for LinuxStandalone target not found
Native extension for WindowsStandalone target not found
Native extension for OSXStandalone target not found
Native extension for WebGL target not found
Refreshing native plugins compatible for Editor in 0.53 ms, found 1 plugins.
Preloading 0 native plugins for Editor in 0.00 ms.
Invoked RoslynAnalysisRunner static constructor.
RoslynAnalysisRunner will not be running.
RoslynAnalysisRunner has terminated.
Mono: successfully reloaded assembly
- Completed reload, in  1.160 seconds
Platform modules already initialized, skipping
Refreshing native plugins compatible for Editor in 0.45 ms, found 1 plugins.
Preloading 0 native plugins for Editor in 0.00 ms.
Unloading 1795 Unused Serialized files (Serialized files now loaded: 0)
System memory in use before: 84.8 MB.
System memory in use after: 84.8 MB.

Unloading 12 unused Assets to reduce memory usage. Loaded Objects now: 2247.
Total: 2.962400 ms (FindLiveObjects: 0.267900 ms CreateObjectMapping: 0.058800 ms MarkObjects: 2.469800 ms  DeleteObjects: 0.164000 ms)

========================================================================
Received Prepare
Registering precompiled user dll's ...
Registered in 0.002111 seconds.
Begin MonoManager ReloadAssembly
Native extension for Lumin target not found
Native extension for LinuxStandalone target not found
Native extension for WindowsStandalone target not found
Native extension for OSXStandalone target not found
Native extension for WebGL target not found
Refreshing native plugins compatible for Editor in 1.16 ms, found 1 plugins.
Preloading 0 native plugins for Editor in 0.00 ms.
Invoked RoslynAnalysisRunner static constructor.
RoslynAnalysisRunner will not be running.
RoslynAnalysisRunner has terminated.
Mono: successfully reloaded assembly
- Completed reload, in  1.562 seconds
Platform modules already initialized, skipping
Refreshing native plugins compatible for Editor in 0.88 ms, found 1 plugins.
Preloading 0 native plugins for Editor in 0.00 ms.
Unloading 1796 Unused Serialized files (Serialized files now loaded: 0)
System memory in use before: 85.0 MB.
System memory in use after: 85.0 MB.

Unloading 12 unused Assets to reduce memory usage. Loaded Objects now: 2251.
Total: 6.022300 ms (FindLiveObjects: 0.937900 ms CreateObjectMapping: 0.272800 ms MarkObjects: 4.123300 ms  DeleteObjects: 0.683800 ms)

========================================================================
Received Import Request.
  Time since last request: 1294.157159 seconds.
  path: Assets/Asteroids/Scripts/PlayerController.cs
  artifactKey: Guid(c9a18deb9e897d947aeed6b715c05065) Importer(815301076,1909f56bfc062723c751e8b465ee728b)
Start importing Assets/Asteroids/Scripts/PlayerController.cs using Guid(c9a18deb9e897d947aeed6b715c05065) Importer(815301076,1909f56bfc062723c751e8b465ee728b)  -> (artifact id: 'ebc5de2d8a4dd8997d0cd493f42555e4') in 0.024943 seconds
  Import took 0.029584 seconds .

========================================================================
Received Prepare
Registering precompiled user dll's ...
Registered in 0.001272 seconds.
Begin MonoManager ReloadAssembly
Native extension for Lumin target not found
Native extension for LinuxStandalone target not found
Native extension for WindowsStandalone target not found
Native extension for OSXStandalone target not found
Native extension for WebGL target not found
Refreshing native plugins compatible for Editor in 0.76 ms, found 1 plugins.
Preloading 0 native plugins for Editor in 0.00 ms.
Invoked RoslynAnalysisRunner static constructor.
RoslynAnalysisRunner will not be running.
RoslynAnalysisRunner has terminated.
Mono: successfully reloaded assembly
- Completed reload, in  1.534 seconds
Platform modules already initialized, skipping
Refreshing native plugins compatible for Editor in 0.83 ms, found 1 plugins.
Preloading 0 native plugins for Editor in 0.00 ms.
Unloading 1796 Unused Serialized files (Serialized files now loaded: 0)
System memory in use before: 85.1 MB.
System memory in use after: 85.1 MB.

Unloading 12 unused Assets to reduce memory usage. Loaded Objects now: 2254.
Total: 5.226500 ms (FindLiveObjects: 0.757000 ms CreateObjectMapping: 0.334400 ms MarkObjects: 3.836600 ms  DeleteObjects: 0.295500 ms)

========================================================================
Received Import Request.
  Time since last request: 117.609381 seconds.
  path: Assets/Asteroids/Prefabs/Player.prefab
  artifactKey: Guid(c87f8eb68845e0e42bc6b2a4f0631c25) Importer(815301076,1909f56bfc062723c751e8b465ee728b)
Start importing Assets/Asteroids/Prefabs/Player.prefab using Guid(c87f8eb68845e0e42bc6b2a4f0631c25) Importer(815301076,1909f56bfc062723c751e8b465ee728b)  -> (artifact id: '4d42ebcc717755f114ec8456194c18f9') in 0.199378 seconds
  Import took 0.206442 seconds .

========================================================================
Received Import Request.
  Time since last request: 49.941923 seconds.
  path: Assets/Asteroids/Prefabs/Bullet.prefab
  artifactKey: Guid(b6a0437c11e15684f86a936e4712f147) Importer(815301076,1909f56bfc062723c751e8b465ee728b)
Start importing Assets/Asteroids/Prefabs/Bullet.prefab using Guid(b6a0437c11e15684f86a936e4712f147) Importer(815301076,1909f56bfc062723c751e8b465ee728b)  -> (artifact id: 'bc1e6bd043cda4ff5a51d231ba277916') in 0.024016 seconds
  Import took 0.028849 seconds .

========================================================================
Received Import Request.
  Time since last request: 140.547965 seconds.
  path: Assets/Asteroids/Scripts/PlayerController.cs
  artifactKey: Guid(c9a18deb9e897d947aeed6b715c05065) Importer(815301076,1909f56bfc062723c751e8b465ee728b)
Start importing Assets/Asteroids/Scripts/PlayerController.cs using Guid(c9a18deb9e897d947aeed6b715c05065) Importer(815301076,1909f56bfc062723c751e8b465ee728b)  -> (artifact id: '4422c641c7db535f05441dd767b9807a') in 0.007599 seconds
  Import took 0.013606 seconds .

========================================================================
Received Import Request.
  Time since last request: 0.201393 seconds.
  path: Assets/Asteroids/Scripts/PlayerController.cs
  artifactKey: Guid(c9a18deb9e897d947aeed6b715c05065) Importer(815301076,1909f56bfc062723c751e8b465ee728b)
Start importing Assets/Asteroids/Scripts/PlayerController.cs using Guid(c9a18deb9e897d947aeed6b715c05065) Importer(815301076,1909f56bfc062723c751e8b465ee728b)  -> (artifact id: '4422c641c7db535f05441dd767b9807a') in 0.008938 seconds
  Import took 0.015241 seconds .

========================================================================
Received Prepare
Registering precompiled user dll's ...
Registered in 0.001204 seconds.
Begin MonoManager ReloadAssembly
Native extension for Lumin target not found
Native extension for LinuxStandalone target not found
Native extension for WindowsStandalone target not found
Native extension for OSXStandalone target not found
Native extension for WebGL target not found
Refreshing native plugins compatible for Editor in 0.46 ms, found 1 plugins.
Preloading 0 native plugins for Editor in 0.00 ms.
Invoked RoslynAnalysisRunner static constructor.
RoslynAnalysisRunner will not be running.
RoslynAnalysisRunner has terminated.
Mono: successfully reloaded assembly
- Completed reload, in  1.155 seconds
Platform modules already initialized, skipping
Refreshing native plugins compatible for Editor in 0.47 ms, found 1 plugins.
Preloading 0 native plugins for Editor in 0.00 ms.
Unloading 1796 Unused Serialized files (Serialized files now loaded: 0)
System memory in use before: 88.3 MB.
System memory in use after: 88.3 MB.

Unloading 13 unused Assets to reduce memory usage. Loaded Objects now: 2264.
Total: 3.559400 ms (FindLiveObjects: 0.382000 ms CreateObjectMapping: 0.121200 ms MarkObjects: 2.898800 ms  DeleteObjects: 0.155200 ms)

========================================================================
Received Import Request.
  Time since last request: 13.795065 seconds.
  path: Assets/Asteroids/Scripts/PlayerController.cs
  artifactKey: Guid(c9a18deb9e897d947aeed6b715c05065) Importer(815301076,1909f56bfc062723c751e8b465ee728b)
Start importing Assets/Asteroids/Scripts/PlayerController.cs using Guid(c9a18deb9e897d947aeed6b715c05065) Importer(815301076,1909f56bfc062723c751e8b465ee728b)  -> (artifact id: '67784e90c75fe08f82d962bb1bd4a1de') in 0.012462 seconds
  Import took 0.017470 seconds .

========================================================================
Received Import Request.
  Time since last request: 0.069530 seconds.
  path: Assets/Asteroids/Scripts/PlayerController.cs
  artifactKey: Guid(c9a18deb9e897d947aeed6b715c05065) Importer(815301076,1909f56bfc062723c751e8b465ee728b)
Start importing Assets/Asteroids/Scripts/PlayerController.cs using Guid(c9a18deb9e897d947aeed6b715c05065) Importer(815301076,1909f56bfc062723c751e8b465ee728b)  -> (artifact id: '67784e90c75fe08f82d962bb1bd4a1de') in 0.004910 seconds
  Import took 0.009453 seconds .

========================================================================
Received Prepare
Registering precompiled user dll's ...
Registered in 0.001653 seconds.
Begin MonoManager ReloadAssembly
Native extension for Lumin target not found
Native extension for LinuxStandalone target not found
Native extension for WindowsStandalone target not found
Native extension for OSXStandalone target not found
Native extension for WebGL target not found
Refreshing native plugins compatible for Editor in 0.73 ms, found 1 plugins.
Preloading 0 native plugins for Editor in 0.00 ms.
Invoked RoslynAnalysisRunner static constructor.
RoslynAnalysisRunner will not be running.
RoslynAnalysisRunner has terminated.
Mono: successfully reloaded assembly
- Completed reload, in  1.311 seconds
Platform modules already initialized, skipping
Refreshing native plugins compatible for Editor in 0.43 ms, found 1 plugins.
Preloading 0 native plugins for Editor in 0.00 ms.
Unloading 1796 Unused Serialized files (Serialized files now loaded: 0)
System memory in use before: 88.4 MB.
System memory in use after: 88.4 MB.

Unloading 12 unused Assets to reduce memory usage. Loaded Objects now: 2267.
Total: 3.294500 ms (FindLiveObjects: 0.299900 ms CreateObjectMapping: 0.071200 ms MarkObjects: 2.763300 ms  DeleteObjects: 0.158300 ms)

========================================================================
Received Import Request.
  Time since last request: 10.583837 seconds.
  path: Assets/Asteroids/Scripts/PlayerController.cs
  artifactKey: Guid(c9a18deb9e897d947aeed6b715c05065) Importer(815301076,1909f56bfc062723c751e8b465ee728b)
Start importing Assets/Asteroids/Scripts/PlayerController.cs using Guid(c9a18deb9e897d947aeed6b715c05065) Importer(815301076,1909f56bfc062723c751e8b465ee728b)  -> (artifact id: 'a51ad4f7f7ca30c55073eed667219307') in 0.014443 seconds
  Import took 0.020278 seconds .

========================================================================
Received Import Request.
  Time since last request: 0.092177 seconds.
  path: Assets/Asteroids/Scripts/PlayerController.cs
  artifactKey: Guid(c9a18deb9e897d947aeed6b715c05065) Importer(815301076,1909f56bfc062723c751e8b465ee728b)
Start importing Assets/Asteroids/Scripts/PlayerController.cs using Guid(c9a18deb9e897d947aeed6b715c05065) Importer(815301076,1909f56bfc062723c751e8b465ee728b)  -> (artifact id: 'a51ad4f7f7ca30c55073eed667219307') in 0.007406 seconds
  Import took 0.016993 seconds .

========================================================================
Received Prepare
Registering precompiled user dll's ...
Registered in 0.001601 seconds.
Begin MonoManager ReloadAssembly
Native extension for Lumin target not found
Native extension for LinuxStandalone target not found
Native extension for WindowsStandalone target not found
Native extension for OSXStandalone target not found
Native extension for WebGL target not found
Refreshing native plugins compatible for Editor in 0.69 ms, found 1 plugins.
Preloading 0 native plugins for Editor in 0.00 ms.
Invoked RoslynAnalysisRunner static constructor.
RoslynAnalysisRunner will not be running.
RoslynAnalysisRunner has terminated.
Mono: successfully reloaded assembly
- Completed reload, in  1.456 seconds
Platform modules already initialized, skipping
Refreshing native plugins compatible for Editor in 0.45 ms, found 1 plugins.
Preloading 0 native plugins for Editor in 0.00 ms.
Unloading 1796 Unused Serialized files (Serialized files now loaded: 0)
System memory in use before: 88.5 MB.
System memory in use after: 88.5 MB.

Unloading 12 unused Assets to reduce memory usage. Loaded Objects now: 2270.
Total: 4.416100 ms (FindLiveObjects: 0.375500 ms CreateObjectMapping: 0.107700 ms MarkObjects: 3.735100 ms  DeleteObjects: 0.194000 ms)

========================================================================
Received Import Request.
  Time since last request: 17.174844 seconds.
  path: Assets/Asteroids/Scripts/PlayerController.cs
  artifactKey: Guid(c9a18deb9e897d947aeed6b715c05065) Importer(815301076,1909f56bfc062723c751e8b465ee728b)
Start importing Assets/Asteroids/Scripts/PlayerController.cs using Guid(c9a18deb9e897d947aeed6b715c05065) Importer(815301076,1909f56bfc062723c751e8b465ee728b)  -> (artifact id: '36f560ee98f05b7c4adc82f0c12872cd') in 0.012975 seconds
  Import took 0.018000 seconds .

========================================================================
Received Import Request.
  Time since last request: 0.067227 seconds.
  path: Assets/Asteroids/Scripts/PlayerController.cs
  artifactKey: Guid(c9a18deb9e897d947aeed6b715c05065) Importer(815301076,1909f56bfc062723c751e8b465ee728b)
Start importing Assets/Asteroids/Scripts/PlayerController.cs using Guid(c9a18deb9e897d947aeed6b715c05065) Importer(815301076,1909f56bfc062723c751e8b465ee728b)  -> (artifact id: '36f560ee98f05b7c4adc82f0c12872cd') in 0.006605 seconds
  Import took 0.010982 seconds .

========================================================================
Received Prepare
Registering precompiled user dll's ...
Registered in 0.002289 seconds.
Begin MonoManager ReloadAssembly
Native extension for Lumin target not found
Native extension for LinuxStandalone target not found
Native extension for WindowsStandalone target not found
Native extension for OSXStandalone target not found
Native extension for WebGL target not found
Refreshing native plugins compatible for Editor in 0.73 ms, found 1 plugins.
Preloading 0 native plugins for Editor in 0.00 ms.
Invoked RoslynAnalysisRunner static constructor.
RoslynAnalysisRunner will not be running.
RoslynAnalysisRunner has terminated.
Mono: successfully reloaded assembly
- Completed reload, in  1.984 seconds
Platform modules already initialized, skipping
Refreshing native plugins compatible for Editor in 0.64 ms, found 1 plugins.
Preloading 0 native plugins for Editor in 0.00 ms.
Unloading 1796 Unused Serialized files (Serialized files now loaded: 0)
System memory in use before: 88.6 MB.
System memory in use after: 88.6 MB.

Unloading 12 unused Assets to reduce memory usage. Loaded Objects now: 2273.
Total: 4.856300 ms (FindLiveObjects: 0.664700 ms CreateObjectMapping: 0.358000 ms MarkObjects: 3.553000 ms  DeleteObjects: 0.276300 ms)

========================================================================
Received Import Request.
  Time since last request: 7.061595 seconds.
  path: Assets/Asteroids/Scripts/PlayerController.cs
  artifactKey: Guid(c9a18deb9e897d947aeed6b715c05065) Importer(815301076,1909f56bfc062723c751e8b465ee728b)
Start importing Assets/Asteroids/Scripts/PlayerController.cs using Guid(c9a18deb9e897d947aeed6b715c05065) Importer(815301076,1909f56bfc062723c751e8b465ee728b)  -> (artifact id: '26b1e0798998c62db6add90c0f66a774') in 0.022797 seconds
  Import took 0.029212 seconds .

========================================================================
Received Prepare
Registering precompiled user dll's ...
Registered in 0.001215 seconds.
Begin MonoManager ReloadAssembly
Native extension for Lumin target not found
Native extension for LinuxStandalone target not found
Native extension for WindowsStandalone target not found
Native extension for OSXStandalone target not found
Native extension for WebGL target not found
Refreshing native plugins compatible for Editor in 0.46 ms, found 1 plugins.
Preloading 0 native plugins for Editor in 0.00 ms.
Invoked RoslynAnalysisRunner static constructor.
RoslynAnalysisRunner will not be running.
RoslynAnalysisRunner has terminated.
Mono: successfully reloaded assembly
- Completed reload, in  1.367 seconds
Platform modules already initialized, skipping
Refreshing native plugins compatible for Editor in 0.44 ms, found 1 plugins.
Preloading 0 native plugins for Editor in 0.00 ms.
Unloading 1796 Unused Serialized files (Serialized files now loaded: 0)
System memory in use before: 88.8 MB.
System memory in use after: 88.8 MB.

Unloading 12 unused Assets to reduce memory usage. Loaded Objects now: 2276.
Total: 4.892900 ms (FindLiveObjects: 0.472400 ms CreateObjectMapping: 0.196000 ms MarkObjects: 3.997000 ms  DeleteObjects: 0.224200 ms)

========================================================================
Received Import Request.
  Time since last request: 62.843418 seconds.
  path: Assets/Asteroids/Scripts/PlayerController.cs
  artifactKey: Guid(c9a18deb9e897d947aeed6b715c05065) Importer(815301076,1909f56bfc062723c751e8b465ee728b)
Start importing Assets/Asteroids/Scripts/PlayerController.cs using Guid(c9a18deb9e897d947aeed6b715c05065) Importer(815301076,1909f56bfc062723c751e8b465ee728b)  -> (artifact id: '668639101c83e4a3636657d1f2394935') in 0.009296 seconds
  Import took 0.013489 seconds .

========================================================================
Received Import Request.
  Time since last request: 0.281402 seconds.
  path: Assets/Asteroids/Scripts/PlayerController.cs
  artifactKey: Guid(c9a18deb9e897d947aeed6b715c05065) Importer(815301076,1909f56bfc062723c751e8b465ee728b)
Start importing Assets/Asteroids/Scripts/PlayerController.cs using Guid(c9a18deb9e897d947aeed6b715c05065) Importer(815301076,1909f56bfc062723c751e8b465ee728b)  -> (artifact id: '668639101c83e4a3636657d1f2394935') in 0.007002 seconds
  Import took 0.012946 seconds .

========================================================================
Received Prepare
Registering precompiled user dll's ...
Registered in 0.001935 seconds.
Begin MonoManager ReloadAssembly
Native extension for Lumin target not found
Native extension for LinuxStandalone target not found
Native extension for WindowsStandalone target not found
Native extension for OSXStandalone target not found
Native extension for WebGL target not found
Refreshing native plugins compatible for Editor in 0.46 ms, found 1 plugins.
Preloading 0 native plugins for Editor in 0.00 ms.
Invoked RoslynAnalysisRunner static constructor.
RoslynAnalysisRunner will not be running.
RoslynAnalysisRunner has terminated.
Mono: successfully reloaded assembly
- Completed reload, in  1.185 seconds
Platform modules already initialized, skipping
Refreshing native plugins compatible for Editor in 1.29 ms, found 1 plugins.
Preloading 0 native plugins for Editor in 0.00 ms.
Unloading 1796 Unused Serialized files (Serialized files now loaded: 0)
System memory in use before: 88.8 MB.
System memory in use after: 88.8 MB.

Unloading 12 unused Assets to reduce memory usage. Loaded Objects now: 2279.
Total: 2.885100 ms (FindLiveObjects: 0.273400 ms CreateObjectMapping: 0.065200 ms MarkObjects: 2.382400 ms  DeleteObjects: 0.162000 ms)

========================================================================
Received Import Request.
  Time since last request: 81.721534 seconds.
  path: Assets/Asteroids/Scripts/PlayerController.cs
  artifactKey: Guid(c9a18deb9e897d947aeed6b715c05065) Importer(815301076,1909f56bfc062723c751e8b465ee728b)
Start importing Assets/Asteroids/Scripts/PlayerController.cs using Guid(c9a18deb9e897d947aeed6b715c05065) Importer(815301076,1909f56bfc062723c751e8b465ee728b)  -> (artifact id: '7c34f54988257b85694ea95944e9563d') in 0.011047 seconds
  Import took 0.017077 seconds .

========================================================================
Received Import Request.
  Time since last request: 0.180771 seconds.
  path: Assets/Asteroids/Scripts/PlayerController.cs
  artifactKey: Guid(c9a18deb9e897d947aeed6b715c05065) Importer(815301076,1909f56bfc062723c751e8b465ee728b)
Start importing Assets/Asteroids/Scripts/PlayerController.cs using Guid(c9a18deb9e897d947aeed6b715c05065) Importer(815301076,1909f56bfc062723c751e8b465ee728b)  -> (artifact id: '7c34f54988257b85694ea95944e9563d') in 0.005195 seconds
  Import took 0.011725 seconds .

========================================================================
Received Import Request.
  Time since last request: 6.860623 seconds.
  path: Assets/Asteroids/Scripts/PlayerController.cs
  artifactKey: Guid(c9a18deb9e897d947aeed6b715c05065) Importer(815301076,1909f56bfc062723c751e8b465ee728b)
Start importing Assets/Asteroids/Scripts/PlayerController.cs using Guid(c9a18deb9e897d947aeed6b715c05065) Importer(815301076,1909f56bfc062723c751e8b465ee728b)  -> (artifact id: 'c959bcd2068c9d47cba39cba15eb807e') in 0.005157 seconds
  Import took 0.008957 seconds .

========================================================================
Received Prepare
Registering precompiled user dll's ...
Registered in 0.001894 seconds.
Begin MonoManager ReloadAssembly
Native extension for Lumin target not found
Native extension for LinuxStandalone target not found
Native extension for WindowsStandalone target not found
Native extension for OSXStandalone target not found
Native extension for WebGL target not found
Refreshing native plugins compatible for Editor in 0.46 ms, found 1 plugins.
Preloading 0 native plugins for Editor in 0.00 ms.
Invoked RoslynAnalysisRunner static constructor.
RoslynAnalysisRunner will not be running.
RoslynAnalysisRunner has terminated.
Mono: successfully reloaded assembly
- Completed reload, in  1.182 seconds
Platform modules already initialized, skipping
Refreshing native plugins compatible for Editor in 0.45 ms, found 1 plugins.
Preloading 0 native plugins for Editor in 0.00 ms.
Unloading 1796 Unused Serialized files (Serialized files now loaded: 0)
System memory in use before: 89.0 MB.
System memory in use after: 89.0 MB.

Unloading 12 unused Assets to reduce memory usage. Loaded Objects now: 2282.
Total: 2.576300 ms (FindLiveObjects: 0.247600 ms CreateObjectMapping: 0.055200 ms MarkObjects: 2.121000 ms  DeleteObjects: 0.151300 ms)

========================================================================
Received Import Request.
  Time since last request: 99.305143 seconds.
  path: Assets/Prototyping/Prefabs/Ship.prefab
  artifactKey: Guid(cbe2790f0bef16c4880b5dd5f12331d6) Importer(815301076,1909f56bfc062723c751e8b465ee728b)
Start importing Assets/Prototyping/Prefabs/Ship.prefab using Guid(cbe2790f0bef16c4880b5dd5f12331d6) Importer(815301076,1909f56bfc062723c751e8b465ee728b)  -> (artifact id: 'abb1499c5ada97e3c46a27ace8a4ad4a') in 0.091231 seconds
  Import took 0.098089 seconds .

========================================================================
Received Import Request.
  Time since last request: 5.304900 seconds.
  path: Assets/Asteroids/Prefabs/Player.prefab
  artifactKey: Guid(c87f8eb68845e0e42bc6b2a4f0631c25) Importer(815301076,1909f56bfc062723c751e8b465ee728b)
Start importing Assets/Asteroids/Prefabs/Player.prefab using Guid(c87f8eb68845e0e42bc6b2a4f0631c25) Importer(815301076,1909f56bfc062723c751e8b465ee728b)  -> (artifact id: '88e66276b9a370f160a6c41bad8ac928') in 0.035330 seconds
  Import took 0.039629 seconds .

========================================================================
Received Import Request.
  Time since last request: 4.593107 seconds.
  path: Assets/Asteroids/Prefabs/Player.prefab
  artifactKey: Guid(c87f8eb68845e0e42bc6b2a4f0631c25) Importer(815301076,1909f56bfc062723c751e8b465ee728b)
Start importing Assets/Asteroids/Prefabs/Player.prefab using Guid(c87f8eb68845e0e42bc6b2a4f0631c25) Importer(815301076,1909f56bfc062723c751e8b465ee728b)  -> (artifact id: 'babcab2105985fa3881d289dc71020f7') in 0.022894 seconds
  Import took 0.028580 seconds .

========================================================================
Received Import Request.
  Time since last request: 3.176323 seconds.
  path: Assets/Asteroids/Prefabs/Player.prefab
  artifactKey: Guid(c87f8eb68845e0e42bc6b2a4f0631c25) Importer(815301076,1909f56bfc062723c751e8b465ee728b)
Start importing Assets/Asteroids/Prefabs/Player.prefab using Guid(c87f8eb68845e0e42bc6b2a4f0631c25) Importer(815301076,1909f56bfc062723c751e8b465ee728b)  -> (artifact id: '946d84118563c2531dc43c7c26a71cfd') in 0.013202 seconds
  Import took 0.018134 seconds .

========================================================================
Received Import Request.
  Time since last request: 0.006948 seconds.
  path: Assets/Asteroids/Prefabs/Player.prefab
  artifactKey: Guid(c87f8eb68845e0e42bc6b2a4f0631c25) Importer(815301076,1909f56bfc062723c751e8b465ee728b)
Start importing Assets/Asteroids/Prefabs/Player.prefab using Guid(c87f8eb68845e0e42bc6b2a4f0631c25) Importer(815301076,1909f56bfc062723c751e8b465ee728b)  -> (artifact id: '946d84118563c2531dc43c7c26a71cfd') in 0.014891 seconds
  Import took 0.020145 seconds .

========================================================================
Received Prepare
Registering precompiled user dll's ...
Registered in 0.001254 seconds.
Begin MonoManager ReloadAssembly
Native extension for Lumin target not found
Native extension for LinuxStandalone target not found
Native extension for WindowsStandalone target not found
Native extension for OSXStandalone target not found
Native extension for WebGL target not found
Refreshing native plugins compatible for Editor in 0.46 ms, found 1 plugins.
Preloading 0 native plugins for Editor in 0.00 ms.
Invoked RoslynAnalysisRunner static constructor.
RoslynAnalysisRunner will not be running.
RoslynAnalysisRunner has terminated.
Mono: successfully reloaded assembly
- Completed reload, in  1.321 seconds
Platform modules already initialized, skipping
Refreshing native plugins compatible for Editor in 0.67 ms, found 1 plugins.
Preloading 0 native plugins for Editor in 0.00 ms.
Unloading 1796 Unused Serialized files (Serialized files now loaded: 0)
System memory in use before: 89.1 MB.
System memory in use after: 89.1 MB.

Unloading 13 unused Assets to reduce memory usage. Loaded Objects now: 2286.
Total: 4.108900 ms (FindLiveObjects: 0.463400 ms CreateObjectMapping: 0.361900 ms MarkObjects: 3.112100 ms  DeleteObjects: 0.169400 ms)

